<?xml version="1.0" encoding="UTF-8"?>
<!-- Generated by org.testng.reporters.JUnitReportReporter -->
<testsuite hostname="DESKTOP-SOUGU29" failures="0" tests="1" name="testNGLearning.ExtentReportDemo" time="34.248" errors="0" timestamp="2023-10-04T20:49:33 IST" skipped="0">
  <testcase classname="testNGLearning.ExtentReportDemo" name="DemoLaunch" time="34.248"/>
</testsuite> <!-- testNGLearning.ExtentReportDemo -->
