<?xml version="1.0" encoding="UTF-8"?>
<!-- Generated by org.testng.reporters.JUnitReportReporter -->
<testsuite hostname="DESKTOP-SOUGU29" failures="0" tests="3" name="testNGLearning.ThirdDay" time="0.009" errors="0" timestamp="2023-09-09T17:39:47 IST" skipped="0">
  <testcase classname="testNGLearning.ThirdDay" name="CarWeb" time="0.003"/>
  <testcase classname="testNGLearning.ThirdDay" name="CarApi" time="0.004"/>
  <testcase classname="testNGLearning.ThirdDay" name="Carmoblie" time="0.002"/>
</testsuite> <!-- testNGLearning.ThirdDay -->
