<?xml version="1.0" encoding="UTF-8"?>
<!-- Generated by org.testng.reporters.JUnitReportReporter -->
<testsuite hostname="DESKTOP-SOUGU29" failures="0" tests="3" name="testNGLearning.FourthDay" time="0.011" errors="0" timestamp="2023-09-09T17:39:47 IST" skipped="0">
  <testcase classname="testNGLearning.FourthDay" name="HomeApi" time="0.002"/>
  <testcase classname="testNGLearning.FourthDay" name="HomeWeb" time="0.005"/>
  <testcase classname="testNGLearning.FourthDay" name="Homemoblie" time="0.004"/>
</testsuite> <!-- testNGLearning.FourthDay -->
