<?xml version="1.0" encoding="UTF-8"?>
<!-- Generated by org.testng.reporters.JUnitReportReporter -->
<testsuite hostname="DESKTOP-SOUGU29" failures="0" tests="1" name="testNGLearning.FirstDay" time="0.009" errors="0" timestamp="2023-09-09T18:26:50 IST" skipped="0">
  <testcase classname="testNGLearning.FirstDay" name="onetest" time="0.009"/>
</testsuite> <!-- testNGLearning.FirstDay -->
