<?xml version="1.0" encoding="UTF-8"?>
<!-- Generated by org.testng.reporters.JUnitReportReporter -->
<testsuite hostname="DESKTOP-SOUGU29" failures="0" tests="1" name="testNGLearning.SecondDay" time="0.005" errors="0" timestamp="2023-09-09T18:26:50 IST" skipped="0">
  <testcase classname="testNGLearning.SecondDay" name="twotest" time="0.005"/>
</testsuite> <!-- testNGLearning.SecondDay -->
