<?xml version="1.0" encoding="UTF-8"?>
<!-- Generated by org.testng.reporters.JUnitReportReporter -->
<testsuite hostname="DESKTOP-SOUGU29" failures="0" tests="1" name="testNGLearning.Inhert" time="0.016" errors="0" timestamp="2023-09-09T17:51:48 IST" skipped="0">
  <testcase classname="testNGLearning.Inhert" name="Running" time="0.016"/>
</testsuite> <!-- testNGLearning.Inhert -->
