<?xml version="1.0" encoding="UTF-8"?>
<!-- Generated by org.testng.reporters.JUnitReportReporter -->
<testsuite hostname="DESKTOP-SOUGU29" failures="0" tests="2" name="testNGLearning.Inheritchild" time="0.026" errors="0" timestamp="2023-09-09T17:39:47 IST" skipped="0">
  <testcase classname="testNGLearning.Inheritchild" name="Running" time="0.013"/>
  <testcase classname="testNGLearning.Inheritchild" name="Walking" time="0.013"/>
</testsuite> <!-- testNGLearning.Inheritchild -->
